<?xml version="1.0" encoding="UTF-8"?>
<!-- Generated by org.testng.reporters.JUnitReportReporter -->
<testsuite hostname="Lenova_Aug_2024" failures="0" tests="2" name="Group_Execution.Group_Execution" time="0.020" errors="0" timestamp="2024-11-12T15:41:29 GMT" skipped="0">
  <testcase classname="Group_Execution.Group_Execution" name="FirstTC" time="0.017"/>
  <testcase classname="Group_Execution.Group_Execution" name="ThirdTC" time="0.003"/>
</testsuite> <!-- Group_Execution.Group_Execution -->
