<?xml version="1.0" encoding="UTF-8"?>
<!-- Generated by org.testng.reporters.JUnitReportReporter -->
<testsuite hostname="Lenova_Aug_2024" failures="0" tests="3" name="Annotation.BeforeAndAfterGroup" time="0.012" errors="0" timestamp="2024-11-15T14:08:38 GMT" skipped="0">
  <testcase classname="Annotation.BeforeAndAfterGroup" name="testLoginWithValidCredentials" time="0.002"/>
  <testcase classname="Annotation.BeforeAndAfterGroup" name="testLoginWithInvalidCredentials" time="0.002"/>
  <testcase classname="Annotation.BeforeAndAfterGroup" name="testCheckoutWithAccount" time="0.008"/>
</testsuite> <!-- Annotation.BeforeAndAfterGroup -->
