<?xml version="1.0" encoding="UTF-8"?>
<!-- Generated by org.testng.reporters.JUnitReportReporter -->
<testsuite hostname="Lenova_Aug_2024" failures="0" tests="2" name="First.BasicLogin" time="0.024" errors="0" timestamp="2024-11-12T16:00:00 GMT" skipped="0">
  <testcase classname="First.BasicLogin" name="logouttest" time="0.021"/>
  <testcase classname="First.BasicLogin" name="logintest" time="0.003"/>
</testsuite> <!-- First.BasicLogin -->
