<?xml version="1.0" encoding="UTF-8"?>
<!-- Generated by org.testng.reporters.JUnitReportReporter -->
<testsuite hostname="Lenova_Aug_2024" failures="0" tests="2" name="Annotation.BeforeAndAfterClass" time="0.004" errors="0" timestamp="2024-11-15T14:08:38 GMT" skipped="0">
  <testcase classname="Annotation.BeforeAndAfterClass" name="First" time="0.002"/>
  <testcase classname="Annotation.BeforeAndAfterClass" name="Second" time="0.002"/>
</testsuite> <!-- Annotation.BeforeAndAfterClass -->
