<?xml version="1.0" encoding="UTF-8"?>
<!-- Generated by org.testng.reporters.JUnitReportReporter -->
<testsuite hostname="Lenova_Aug_2024" failures="0" tests="3" name="Annotation.BeforeAndAfterMethod" time="0.007" errors="0" timestamp="2024-11-15T14:08:38 GMT" skipped="0">
  <testcase classname="Annotation.BeforeAndAfterMethod" name="GuestUser" time="0.003"/>
  <testcase classname="Annotation.BeforeAndAfterMethod" name="logout" time="0.002"/>
  <testcase classname="Annotation.BeforeAndAfterMethod" name="Loginuser" time="0.002"/>
</testsuite> <!-- Annotation.BeforeAndAfterMethod -->
