<?xml version="1.0" encoding="UTF-8"?>
<!-- Generated by org.testng.reporters.JUnitReportReporter -->
<testsuite hostname="Lenova_Aug_2024" failures="0" tests="3" name="Annotation.BeforeAndAfterTest" time="0.022" errors="0" timestamp="2024-11-12T17:05:22 GMT" skipped="0">
  <testcase classname="Annotation.BeforeAndAfterTest" name="Loginuser" time="0.005"/>
  <testcase classname="Annotation.BeforeAndAfterTest" name="logout" time="0.002"/>
  <testcase classname="Annotation.BeforeAndAfterTest" name="GuestUser" time="0.015"/>
</testsuite> <!-- Annotation.BeforeAndAfterTest -->
