<?xml version="1.0" encoding="UTF-8"?>
<!-- Generated by org.testng.reporters.JUnitReportReporter -->
<testsuite hostname="Lenova_Aug_2024" failures="0" tests="2" name="Annotation.BeforeandAfter" time="0.020" errors="0" timestamp="2024-11-07T16:33:09 GMT" skipped="0">
  <testcase classname="Annotation.BeforeandAfter" name="login" time="0.016"/>
  <testcase classname="Annotation.BeforeandAfter" name="logout" time="0.004"/>
</testsuite> <!-- Annotation.BeforeandAfter -->
