<?xml version="1.0" encoding="UTF-8"?>
<!-- Generated by org.testng.reporters.JUnitReportReporter -->
<testsuite hostname="Lenova_Aug_2024" failures="0" tests="2" name="DataProvider.DataProviderDemo" time="0.021" errors="0" timestamp="2024-11-14T16:47:58 GMT" skipped="0">
  <testcase classname="DataProvider.DataProviderDemo" name="logintest" time="0.003"/>
  <testcase classname="DataProvider.DataProviderDemo" name="logintest" time="0.018"/>
</testsuite> <!-- DataProvider.DataProviderDemo -->
