<?xml version="1.0" encoding="UTF-8"?>
<!-- Generated by org.testng.reporters.JUnitReportReporter -->
<testsuite hostname="Lenova_Aug_2024" failures="0" tests="1" name="Assertion.Assertion_Sel" time="2.701" errors="0" timestamp="2024-11-15T14:08:38 GMT" skipped="0">
  <testcase classname="Assertion.Assertion_Sel" name="VerifyTitlet" time="2.701"/>
</testsuite> <!-- Assertion.Assertion_Sel -->
