<?xml version="1.0" encoding="UTF-8"?>
<!-- Generated by org.testng.reporters.JUnitReportReporter -->
<testsuite hostname="Lenova_Aug_2024" failures="0" tests="1" name="First.Login" time="8.587" errors="0" timestamp="2024-11-14T17:37:00 GMT" skipped="0">
  <testcase classname="First.Login" name="website" time="8.587"/>
</testsuite> <!-- First.Login -->
