<?xml version="1.0" encoding="UTF-8"?>
<!-- Generated by org.testng.reporters.JUnitReportReporter -->
<testsuite hostname="Lenova_Aug_2024" failures="0" tests="2" name="ParallelExecution.TestCase2" time="12.147" errors="0" timestamp="2024-11-18T12:07:37 GMT" skipped="0">
  <testcase classname="ParallelExecution.TestCase2" name="SearchAmazon" time="9.108"/>
  <testcase classname="ParallelExecution.TestCase2" name="SearchAmazon" time="3.039"/>
</testsuite> <!-- ParallelExecution.TestCase2 -->
