<?xml version="1.0" encoding="UTF-8"?>
<!-- Generated by org.testng.reporters.JUnitReportReporter -->
<testsuite hostname="Lenova_Aug_2024" failures="0" tests="3" name="SkipTestCase.SkippingTC" time="0.021" errors="0" timestamp="2024-11-12T16:01:31 GMT" skipped="2">
  <testcase classname="SkipTestCase.SkippingTC" name="EditCusotmer" time="0.003"/>
  <testcase classname="SkipTestCase.SkippingTC" name="DeleteCusotmer" time="0.018">
    <skipped/>
  </testcase> <!-- DeleteCusotmer -->
  <testcase classname="SkipTestCase.SkippingTC" name="AddCustomer">
    <skipped/>
  </testcase> <!-- AddCustomer -->
</testsuite> <!-- SkipTestCase.SkippingTC -->
