<?xml version="1.0" encoding="UTF-8"?>
<!-- Generated by org.testng.reporters.JUnitReportReporter -->
<testsuite hostname="Lenova_Aug_2024" failures="0" tests="2" name="ParallelExecution.TestCase1" time="13.973" errors="0" timestamp="2024-11-18T12:07:37 GMT" skipped="0">
  <testcase classname="ParallelExecution.TestCase1" name="LoginAmazon" time="10.544"/>
  <testcase classname="ParallelExecution.TestCase1" name="LoginAmazon" time="3.429"/>
</testsuite> <!-- ParallelExecution.TestCase1 -->
