<?xml version="1.0" encoding="UTF-8"?>
<!-- Generated by org.testng.reporters.JUnitReportReporter -->
<testsuite hostname="Lenova_Aug_2024" failures="0" tests="2" name="Learn.BasicLogin" time="0.024" errors="0" timestamp="2024-11-07T14:01:55 GMT" skipped="0">
  <testcase classname="Learn.BasicLogin" name="logouttest" time="0.022"/>
  <testcase classname="Learn.BasicLogin" name="logintest" time="0.002"/>
</testsuite> <!-- Learn.BasicLogin -->
